2025-03-11 15:39:55 INFO  Utils:112 - [Utils] MethodGroupsHelper.collectMethodsByGroup() took 0 ms.
2025-03-11 15:39:55 INFO  Utils:112 - [Utils] MethodGroupsHelper.sortMethods() took 0 ms.
2025-03-11 15:39:55 INFO  Utils:112 - [Utils] MethodGroupsHelper.collectMethodsByGroup() took 0 ms.
2025-03-11 15:39:55 INFO  Utils:112 - [Utils] MethodGroupsHelper.sortMethods() took 0 ms.
2025-03-11 15:39:55 INFO  Utils:112 - [Utils] MethodGroupsHelper.collectMethodsByGroup() took 0 ms.
2025-03-11 15:39:55 INFO  Utils:112 - [Utils] MethodGroupsHelper.sortMethods() took 0 ms.
2025-03-11 15:39:55 INFO  Utils:112 - [Utils] MethodGroupsHelper.collectMethodsByGroup() took 0 ms.
2025-03-11 15:39:55 INFO  Utils:112 - [Utils] MethodGroupsHelper.sortMethods() took 0 ms.
2025-03-11 15:39:55 INFO  Utils:112 - [Utils] MethodGroupsHelper.collectMethodsByGroup() took 4 ms.
2025-03-11 15:39:55 INFO  Utils:112 - [Utils] MethodGroupsHelper.sortMethods() took 7 ms.
2025-03-11 15:39:55 INFO  Utils:112 - [Utils] MethodGroupsHelper.collectMethodsByGroup() took 0 ms.
2025-03-11 15:39:55 INFO  Utils:112 - [Utils] MethodGroupsHelper.sortMethods() took 0 ms.
2025-03-11 15:39:55 INFO  Utils:112 - [Utils] MethodGroupsHelper.collectMethodsByGroup() took 0 ms.
2025-03-11 15:39:55 INFO  Utils:112 - [Utils] MethodGroupsHelper.sortMethods() took 0 ms.
2025-03-11 15:39:55 INFO  Utils:112 - [Utils] MethodGroupsHelper.collectMethodsByGroup() took 0 ms.
2025-03-11 15:39:55 INFO  Utils:112 - [Utils] MethodGroupsHelper.sortMethods() took 0 ms.
2025-03-11 15:39:55 INFO  Utils:112 - [Utils] MethodGroupsHelper.collectMethodsByGroup() took 0 ms.
2025-03-11 15:39:55 INFO  Utils:112 - [Utils] MethodGroupsHelper.sortMethods() took 0 ms.
2025-03-11 15:39:55 INFO  Utils:112 - [Utils] MethodGroupsHelper.collectMethodsByGroup() took 0 ms.
2025-03-11 15:39:55 INFO  Utils:112 - [Utils] MethodGroupsHelper.sortMethods() took 0 ms.
2025-03-11 15:39:55 INFO  Utils:112 - [Utils] MethodGroupsHelper.collectMethodsByGroup() took 0 ms.
2025-03-11 15:39:55 INFO  Utils:112 - [Utils] MethodGroupsHelper.sortMethods() took 0 ms.
2025-03-11 15:39:55 INFO  Utils:112 - [Utils] MethodGroupsHelper.collectMethodsByGroup() took 0 ms.
2025-03-11 15:39:55 INFO  Utils:112 - [Utils] MethodGroupsHelper.sortMethods() took 0 ms.
2025-03-11 15:39:55 INFO  Utils:112 - [Utils] MethodGroupsHelper.collectMethodsByGroup() took 0 ms.
2025-03-11 15:39:55 INFO  Utils:112 - [Utils] MethodGroupsHelper.sortMethods() took 0 ms.
2025-03-11 15:39:55 INFO  Utils:112 - [Utils] MethodGroupsHelper.collectMethodsByGroup() took 0 ms.
2025-03-11 15:39:55 INFO  Utils:112 - [Utils] MethodGroupsHelper.sortMethods() took 0 ms.
2025-03-11 15:39:55 INFO  Utils:112 - [Utils] MethodGroupsHelper.collectMethodsByGroup() took 0 ms.
2025-03-11 15:39:55 INFO  Utils:112 - [Utils] MethodGroupsHelper.sortMethods() took 0 ms.
2025-03-11 15:39:55 INFO  Utils:112 - [TestNG] Running:
  C:\Users\PC\AppData\Local\Temp\testng-eclipse--1603727493\testng-customsuite.xml

2025-03-11 15:39:55 INFO  Utils:112 - [Utils] DynamicGraphHelper.createDynamicGraph() took 3 ms.
2025-03-11 15:39:55 INFO  Utils:112 - [TestNG] Time taken by org.testng.reporters.jq.Main@5644dc81: 42 ms
2025-03-11 15:39:55 INFO  Utils:112 - [TestNG] Time taken by org.testng.reporters.FailedReporter@1e7aa82b: 8 ms
2025-03-11 15:39:55 INFO  Utils:112 - [TestNG] Time taken by org.testng.reporters.XMLReporter@45e37a7e: 9 ms
2025-03-11 15:39:55 INFO  Utils:112 - [TestNG] Time taken by org.testng.reporters.EmailableReporter2@2974f221: 5 ms
2025-03-11 15:39:55 INFO  Utils:112 - [TestNG] Time taken by org.testng.reporters.JUnitReportReporter@36f48b4: 5 ms
2025-03-11 15:39:55 INFO  Utils:112 - [TestNG] Time taken by org.testng.internal.ExitCodeListener@5c00384f: 0 ms
